#8 [6/6] RUN pytest -q
#8 0.237 ============================= test session starts ==============================
#8 0.374 platform darwin -- Python 3.12.8, pytest-9.1.1, pluggy-1.6.0
#8 0.511 rootdir: /home/dev/fx
#8 0.648 collected 5 items
#8 0.785 
#8 0.922 test_shop.py FF..F                                                       [100%]
#8 1.059 
#8 1.196 =================================== FAILURES ===================================
#8 1.333 ______________________________ test_invoice_total ______________________________
#8 1.470 
#8 1.607     def test_invoice_total():
#8 1.744 >       assert total([1000, 49], 0.5) == 1050
#8 1.881 E       assert 1049 == 1050
#8 2.018 E        +  where 1049 = total([1000, 49], 0.5)
#8 2.155 
#8 2.292 test_shop.py:4: AssertionError
#8 2.429 ______________________________ test_expired_token ______________________________
#8 2.566 
#8 2.703     def test_expired_token():
#8 2.840         tok = {"sub": "u1"}
#8 2.977 >       assert tok["exp"] == 1
#8 3.114                ^^^^^^^^^^
#8 3.251 E       KeyError: 'exp'
#8 3.388 
#8 3.525 test_shop.py:7: KeyError
#8 3.662 ________________________________ test_param[2] _________________________________
#8 3.799 
#8 3.936 n = 2
#8 4.073 
#8 4.210     @pytest.mark.parametrize("n", [1, 2])
#8 4.347     def test_param(n):
#8 4.484 >       assert n < 2
#8 4.621 E       assert 2 < 2
#8 4.758 
#8 4.895 test_shop.py:12: AssertionError
#8 5.032 =========================== short test summary info ============================
#8 5.169 FAILED test_shop.py::test_invoice_total - assert 1049 == 1050
#8 5.306 FAILED test_shop.py::test_expired_token - KeyError: 'exp'
#8 5.443 FAILED test_shop.py::test_param[2] - assert 2 < 2
#8 5.580 ========================= 3 failed, 2 passed in 0.01s ==========================
#8 ERROR: process "/bin/sh -c pytest -q" did not complete successfully: exit code: 1
------
 > [6/6] RUN pytest -q:
0.237 ============================= test session starts ==============================
0.374 platform darwin -- Python 3.12.8, pytest-9.1.1, pluggy-1.6.0
0.511 rootdir: /home/dev/fx
0.648 collected 5 items
0.785 
0.922 test_shop.py FF..F                                                       [100%]
1.059 
1.196 =================================== FAILURES ===================================
1.333 ______________________________ test_invoice_total ______________________________
1.470 
1.607     def test_invoice_total():
1.744 >       assert total([1000, 49], 0.5) == 1050
1.881 E       assert 1049 == 1050
2.018 E        +  where 1049 = total([1000, 49], 0.5)
2.155 
2.292 test_shop.py:4: AssertionError
2.429 ______________________________ test_expired_token ______________________________
2.566 
2.703     def test_expired_token():
2.840         tok = {"sub": "u1"}
2.977 >       assert tok["exp"] == 1
3.114                ^^^^^^^^^^
3.251 E       KeyError: 'exp'
3.388 
3.525 test_shop.py:7: KeyError
3.662 ________________________________ test_param[2] _________________________________
3.799 
3.936 n = 2
4.073 
4.210     @pytest.mark.parametrize("n", [1, 2])
4.347     def test_param(n):
4.484 >       assert n < 2
4.621 E       assert 2 < 2
4.758 
4.895 test_shop.py:12: AssertionError
5.032 =========================== short test summary info ============================
5.169 FAILED test_shop.py::test_invoice_total - assert 1049 == 1050
5.306 FAILED test_shop.py::test_expired_token - KeyError: 'exp'
5.443 FAILED test_shop.py::test_param[2] - assert 2 < 2
5.580 ========================= 3 failed, 2 passed in 0.01s ==========================
------
Dockerfile:8
--------------------
   6 |     COPY . .
   7 |     
   8 | >>> RUN pytest -q
   9 |     
--------------------
ERROR: failed to solve: process "/bin/sh -c pytest -q" did not complete successfully: exit code: 1
