======================================= test session starts ========================================
platform darwin -- Python 3.12.8, pytest-9.1.1, pluggy-1.6.0
rootdir: /home/dev/pytest
collected 3 items

test_shop.py FF.                                                                             [100%]

===================================== short test summary info ======================================
FAILED test_shop.py::test_invoice_total - assert 1049 == 1050
FAILED test_shop.py::test_missing_key - KeyError: 'taxrate'
=================================== 2 failed, 1 passed in 0.00s ====================================
